  [1m[35m (1284.0ms)[0m  [1m[35mCREATE DATABASE "MusicApp_development" ENCODING = 'unicode'[0m
  ↳ bin/rails:9
  [1m[35m (1194.0ms)[0m  [1m[35mCREATE DATABASE "MusicApp_test" ENCODING = 'unicode'[0m
  ↳ bin/rails:9
  [1m[35m (65.1ms)[0m  [1m[35mCREATE TABLE "schema_migrations" ("version" character varying NOT NULL PRIMARY KEY)[0m
  ↳ bin/rails:9
  [1m[35m (5.8ms)[0m  [1m[35mCREATE TABLE "ar_internal_metadata" ("key" character varying NOT NULL PRIMARY KEY, "value" character varying, "created_at" timestamp NOT NULL, "updated_at" timestamp NOT NULL)[0m
  ↳ bin/rails:9
  [1m[35m (0.1ms)[0m  [1m[34mSELECT pg_try_advisory_lock(1555902080779534005)[0m
  ↳ bin/rails:9
  [1m[35m (4.7ms)[0m  [1m[34mSELECT "schema_migrations"."version" FROM "schema_migrations" ORDER BY "schema_migrations"."version" ASC[0m
  ↳ bin/rails:9
Migrating to CreateUsers (20210302183834)
  [1m[35m (0.1ms)[0m  [1m[35mBEGIN[0m
  ↳ bin/rails:9
  [1m[35m (7.7ms)[0m  [1m[35mCREATE TABLE "users" ("id" bigserial primary key, "email" character varying NOT NULL, "password_digest" character varying NOT NULL, "session_token" character varying NOT NULL, "created_at" timestamp NOT NULL, "updated_at" timestamp NOT NULL)[0m
  ↳ db/migrate/20210302183834_create_users.rb:3
  [1m[35m (2.1ms)[0m  [1m[35mCREATE UNIQUE INDEX  "index_users_on_email" ON "users"  ("email")[0m
  ↳ db/migrate/20210302183834_create_users.rb:10
  [1m[35m (2.1ms)[0m  [1m[35mCREATE  INDEX  "index_users_on_session_token" ON "users"  ("session_token")[0m
  ↳ db/migrate/20210302183834_create_users.rb:11
  [1m[36mActiveRecord::SchemaMigration Create (0.7ms)[0m  [1m[32mINSERT INTO "schema_migrations" ("version") VALUES ($1) RETURNING "version"[0m  [["version", "20210302183834"]]
  ↳ bin/rails:9
  [1m[35m (0.5ms)[0m  [1m[35mCOMMIT[0m
  ↳ bin/rails:9
  [1m[36mActiveRecord::InternalMetadata Load (6.6ms)[0m  [1m[34mSELECT  "ar_internal_metadata".* FROM "ar_internal_metadata" WHERE "ar_internal_metadata"."key" = $1 LIMIT $2[0m  [["key", "environment"], ["LIMIT", 1]]
  ↳ bin/rails:9
  [1m[35m (0.1ms)[0m  [1m[35mBEGIN[0m
  ↳ bin/rails:9
  [1m[36mActiveRecord::InternalMetadata Create (0.9ms)[0m  [1m[32mINSERT INTO "ar_internal_metadata" ("key", "value", "created_at", "updated_at") VALUES ($1, $2, $3, $4) RETURNING "key"[0m  [["key", "environment"], ["value", "development"], ["created_at", "2021-03-02 18:42:43.621841"], ["updated_at", "2021-03-02 18:42:43.621841"]]
  ↳ bin/rails:9
  [1m[35m (0.3ms)[0m  [1m[35mCOMMIT[0m
  ↳ bin/rails:9
  [1m[35m (0.2ms)[0m  [1m[34mSELECT pg_advisory_unlock(1555902080779534005)[0m
  ↳ bin/rails:9
  [1m[35m (0.3ms)[0m  [1m[34mSELECT "schema_migrations"."version" FROM "schema_migrations" ORDER BY "schema_migrations"."version" ASC[0m
  ↳ bin/rails:9
  [1m[35m (0.1ms)[0m  [1m[35mBEGIN[0m
  [1m[36mUser Exists (12.3ms)[0m  [1m[34mSELECT  1 AS one FROM "users" WHERE "users"."email" = $1 LIMIT $2[0m  [["email", "new@gmail.com"], ["LIMIT", 1]]
  [1m[36mUser Create (1.7ms)[0m  [1m[32mINSERT INTO "users" ("email", "password_digest", "session_token", "created_at", "updated_at") VALUES ($1, $2, $3, $4, $5) RETURNING "id"[0m  [["email", "new@gmail.com"], ["password_digest", "$2a$12$rQFcVYSNk4DOw0vb/md8heQ0Zhn.5u6yfn6iBhW0n9Qzqeawi/qMu"], ["session_token", "lvaWu4n8lbGlAwd0NQvGpQ"], ["created_at", "2021-03-02 19:33:43.503831"], ["updated_at", "2021-03-02 19:33:43.503831"]]
  [1m[35m (12.8ms)[0m  [1m[35mCOMMIT[0m
Started GET "/users" for ::1 at 2021-03-02 12:02:30 -0800
  [1m[35m (10.0ms)[0m  [1m[34mSELECT "schema_migrations"."version" FROM "schema_migrations" ORDER BY "schema_migrations"."version" ASC[0m
  ↳ /home/adrian/.rbenv/versions/2.5.1/lib/ruby/gems/2.5.0/gems/activerecord-5.2.4.5/lib/active_record/log_subscriber.rb:98

AbstractController::ActionNotFound - The action 'index' could not be found for UsersController:

Started POST "/__better_errors/3d02586b80158699/variables" for ::1 at 2021-03-02 12:02:30 -0800
Started GET "/users/new" for ::1 at 2021-03-02 12:02:35 -0800
Processing by UsersController#new as HTML
  Rendering users/new.html.erb within layouts/application
  Rendered users/new.html.erb within layouts/application (6.3ms)
Completed 200 OK in 861ms (Views: 848.5ms | ActiveRecord: 3.5ms)


Started POST "/users" for ::1 at 2021-03-02 12:02:57 -0800

AbstractController::ActionNotFound - The action 'create' could not be found for UsersController:

Started POST "/__better_errors/f7a7ab954d248540/variables" for ::1 at 2021-03-02 12:02:57 -0800
Started GET "/users/new" for ::1 at 2021-03-02 12:03:11 -0800
Processing by UsersController#new as HTML
  Rendering users/new.html.erb within layouts/application
  Rendered users/new.html.erb within layouts/application (0.8ms)
Completed 200 OK in 42ms (Views: 41.4ms | ActiveRecord: 0.0ms)


Started POST "/users" for ::1 at 2021-03-02 12:03:18 -0800

AbstractController::ActionNotFound - The action 'create' could not be found for UsersController:

Started POST "/__better_errors/32a2debf85d6cd61/variables" for ::1 at 2021-03-02 12:03:18 -0800
Started GET "/users/new" for ::1 at 2021-03-02 12:10:09 -0800
Processing by UsersController#new as HTML
  Rendering users/new.html.erb within layouts/application
  Rendered users/new.html.erb within layouts/application (1.1ms)
Completed 200 OK in 31ms (Views: 30.2ms | ActiveRecord: 0.0ms)


Started GET "/sessions/new?authenticity_token=ez2viTvhceNtjPkkOGjwncWI%2BsotW9CY%2BNPnHypBxCClJEmvC5mdKeQvIhocy1cqM8DrRkvjeq7etyWB8Bl81Q%3D%3D" for ::1 at 2021-03-02 12:10:13 -0800

AbstractController::ActionNotFound - The action 'new' could not be found for SessionsController:

Started POST "/__better_errors/a7ac89d643745b31/variables" for ::1 at 2021-03-02 12:10:13 -0800
Started GET "/sessions/new?authenticity_token=ez2viTvhceNtjPkkOGjwncWI%2BsotW9CY%2BNPnHypBxCClJEmvC5mdKeQvIhocy1cqM8DrRkvjeq7etyWB8Bl81Q%3D%3D" for ::1 at 2021-03-02 14:36:59 -0800
Processing by SessionsController#new as HTML
  Parameters: {"authenticity_token"=>"ez2viTvhceNtjPkkOGjwncWI+sotW9CY+NPnHypBxCClJEmvC5mdKeQvIhocy1cqM8DrRkvjeq7etyWB8Bl81Q=="}
  Rendering sessions/new.html.erb within layouts/application
  Rendered sessions/new.html.erb within layouts/application (0.6ms)
Completed 200 OK in 24ms (Views: 23.8ms | ActiveRecord: 0.0ms)


Started GET "/users/new?authenticity_token=Hrp94%2FyTjvKyRAfUT3m%2B8tZxEYUWjq4vubMAn6B%2BN8jAo5vFzOtiODvn3Opr2hlFIDkACXA2BBmf18IBeiaPPQ%3D%3D" for ::1 at 2021-03-02 14:37:03 -0800
Processing by UsersController#new as HTML
  Parameters: {"authenticity_token"=>"Hrp94/yTjvKyRAfUT3m+8tZxEYUWjq4vubMAn6B+N8jAo5vFzOtiODvn3Opr2hlFIDkACXA2BBmf18IBeiaPPQ=="}
  Rendering users/new.html.erb within layouts/application
  Rendered users/new.html.erb within layouts/application (0.7ms)
Completed 200 OK in 45ms (Views: 22.2ms | ActiveRecord: 8.2ms)


Started POST "/users" for ::1 at 2021-03-02 14:37:17 -0800
Processing by UsersController#create as HTML
  Parameters: {"authenticity_token"=>"z+hncinmlUKYjxUOziA028gSJxBRDwwF1bevcHC+0GER8YFUGZ55iBEszjDqg5NsPlo2nDe3pjPz023uquZolA==", "user"=>{"email"=>"password1"}}
  [1m[35m (0.2ms)[0m  [1m[35mBEGIN[0m
  ↳ app/controllers/users_controller.rb:17
  [1m[36mUser Exists (17.3ms)[0m  [1m[34mSELECT  1 AS one FROM "users" WHERE "users"."email" = $1 LIMIT $2[0m  [["email", "password1"], ["LIMIT", 1]]
  ↳ app/controllers/users_controller.rb:17
  [1m[35m (0.1ms)[0m  [1m[31mROLLBACK[0m
  ↳ app/controllers/users_controller.rb:17
  Rendering users/new.html.erb within layouts/application
  Rendered users/new.html.erb within layouts/application (0.7ms)
Completed 200 OK in 97ms (Views: 14.6ms | ActiveRecord: 17.6ms)


Started GET "/sessions/new?authenticity_token=0vmXgrKOYldXvvhKxEjksoSABL%2FgHC7Ip0%2F%2FM0g1MXkM4HGkgvaOnd4dI3Tg60MFcsgVM4akhP6BKz2tkm2JjA%3D%3D" for ::1 at 2021-03-02 14:37:20 -0800
Processing by SessionsController#new as HTML
  Parameters: {"authenticity_token"=>"0vmXgrKOYldXvvhKxEjksoSABL/gHC7Ip0//M0g1MXkM4HGkgvaOnd4dI3Tg60MFcsgVM4akhP6BKz2tkm2JjA=="}
  Rendering sessions/new.html.erb within layouts/application
  Rendered sessions/new.html.erb within layouts/application (0.5ms)
Completed 200 OK in 18ms (Views: 17.4ms | ActiveRecord: 0.0ms)


Started POST "/sessions" for ::1 at 2021-03-02 14:37:34 -0800
Processing by SessionsController#create as HTML
  Parameters: {"authenticity_token"=>"LB5a1Cm0V5dOU/kBOPgpFJX/B1cf160JkAbizhb3LWjyB7zyGcy7XcfwIj8cW46jY7cW23lvBz+2YiBQzK+VnQ==", "user"=>{"email"=>"password1"}}
  [1m[36mUser Load (0.2ms)[0m  [1m[34mSELECT  "users".* FROM "users" WHERE "users"."email" = $1 LIMIT $2[0m  [["email", "password1"], ["LIMIT", 1]]
  ↳ app/models/user.rb:12
  Rendering sessions/new.html.erb within layouts/application
  Rendered sessions/new.html.erb within layouts/application (0.8ms)
Completed 200 OK in 22ms (Views: 20.0ms | ActiveRecord: 0.3ms)


Started GET "/users/new?authenticity_token=aK1dNJcqy51qbvAOR6vs%2F8LZBYOWZ9WQhV%2Be34sh2iO2tLsSp1InV%2BPNKzBjCEtINJEUD%2FDff6ajO1xBUXli1g%3D%3D" for ::1 at 2021-03-02 14:39:33 -0800
Processing by UsersController#new as HTML
  Parameters: {"authenticity_token"=>"aK1dNJcqy51qbvAOR6vs/8LZBYOWZ9WQhV+e34sh2iO2tLsSp1InV+PNKzBjCEtINJEUD/Dff6ajO1xBUXli1g=="}
  Rendering users/new.html.erb within layouts/application
  Rendered users/new.html.erb within layouts/application (0.8ms)
Completed 200 OK in 19ms (Views: 18.6ms | ActiveRecord: 0.0ms)


Started POST "/users" for ::1 at 2021-03-02 14:40:33 -0800
Processing by UsersController#create as HTML
  Parameters: {"authenticity_token"=>"mCqGu/mCuH2sdhVhrdDY0KgaWZ86yLalTcSoeK+iOfRGM2CdyfpUtyXVzl+Jc39nXlJIE1xwHJNroGrmdfqBAQ==", "user"=>{"email"=>"password"}}
  [1m[35m (0.1ms)[0m  [1m[35mBEGIN[0m
  ↳ app/controllers/users_controller.rb:17
  [1m[36mUser Exists (0.2ms)[0m  [1m[34mSELECT  1 AS one FROM "users" WHERE "users"."email" = $1 LIMIT $2[0m  [["email", "password"], ["LIMIT", 1]]
  ↳ app/controllers/users_controller.rb:17
  [1m[35m (0.2ms)[0m  [1m[31mROLLBACK[0m
  ↳ app/controllers/users_controller.rb:17
  Rendering users/new.html.erb within layouts/application
  Rendered users/new.html.erb within layouts/application (0.5ms)
Completed 200 OK in 24ms (Views: 20.4ms | ActiveRecord: 0.5ms)


Started POST "/users" for ::1 at 2021-03-02 14:42:06 -0800
Processing by UsersController#create as HTML
  Parameters: {"authenticity_token"=>"juVyRmyg10/TcBW3ran3KONT9yEJ8IJvMv9zwvejLj5Q/JRgXNg7hVrTzomJClCfFRvmrW9IKFkUm7FcLfuWyw==", "user"=>{"email"=>"password"}}
  [1m[35m (0.1ms)[0m  [1m[35mBEGIN[0m
  ↳ app/controllers/users_controller.rb:17
  [1m[36mUser Exists (0.3ms)[0m  [1m[34mSELECT  1 AS one FROM "users" WHERE "users"."email" = $1 LIMIT $2[0m  [["email", "password"], ["LIMIT", 1]]
  ↳ app/controllers/users_controller.rb:17
  [1m[35m (0.1ms)[0m  [1m[31mROLLBACK[0m
  ↳ app/controllers/users_controller.rb:17
  Rendering users/new.html.erb within layouts/application
  Rendered users/new.html.erb within layouts/application (0.6ms)
Completed 200 OK in 27ms (Views: 22.7ms | ActiveRecord: 0.5ms)


Started POST "/users" for ::1 at 2021-03-02 14:44:38 -0800
Started POST "/users" for ::1 at 2021-03-02 14:44:38 -0800
Started GET "/users" for ::1 at 2021-03-02 14:44:38 -0800
Started GET "/users/new" for ::1 at 2021-03-02 14:44:38 -0800
Started GET "/users/new" for ::1 at 2021-03-02 14:44:38 -0800
Processing by UsersController#create as HTML
  Parameters: {"authenticity_token"=>"8Xh3I3FO5wMQRcF25XXP+OjyvoZom8o2eLcD4WxPPx4vYZEFQTYLyZnmGkjB1mhPHrqvCg4jYABe08F/theH6w==", "user"=>{"email"=>"user@gmail.com", "password"=>"[FILTERED]"}}
  [1m[35m (0.2ms)[0m  [1m[35mBEGIN[0m
  ↳ app/controllers/users_controller.rb:17
  [1m[36mUser Exists (0.9ms)[0m  [1m[34mSELECT  1 AS one FROM "users" WHERE "users"."email" = $1 LIMIT $2[0m  [["email", "user@gmail.com"], ["LIMIT", 1]]
  ↳ app/controllers/users_controller.rb:17
  [1m[36mUser Create (0.4ms)[0m  [1m[32mINSERT INTO "users" ("email", "password_digest", "session_token", "created_at", "updated_at") VALUES ($1, $2, $3, $4, $5) RETURNING "id"[0m  [["email", "user@gmail.com"], ["password_digest", "$2a$12$RGMkk27CPdmWbLBS4Gke5OAdOwCm8kw1dXh56uCIrhsgDZi3y1hoq"], ["session_token", "K09frJGR0lgH3Ph_QqALkw"], ["created_at", "2021-03-02 22:44:38.756508"], ["updated_at", "2021-03-02 22:44:38.756508"]]
  ↳ app/controllers/users_controller.rb:17

AbstractController::ActionNotFound - The action 'index' could not be found for UsersController:

Processing by UsersController#new as HTML
Processing by UsersController#create as HTML
Processing by UsersController#new as HTML
  Parameters: {"authenticity_token"=>"8Xh3I3FO5wMQRcF25XXP+OjyvoZom8o2eLcD4WxPPx4vYZEFQTYLyZnmGkjB1mhPHrqvCg4jYABe08F/theH6w==", "user"=>{"email"=>"user@gmail.com", "password"=>"[FILTERED]"}}
  [1m[35m (13.5ms)[0m  [1m[35mCOMMIT[0m
  ↳ app/controllers/users_controller.rb:17
  [1m[35m (0.4ms)[0m  [1m[35mBEGIN[0m
  Rendering users/new.html.erb within layouts/application
  Rendering users/new.html.erb within layouts/application
  [1m[35m (0.2ms)[0m  [1m[35mBEGIN[0m
  ↳ app/controllers/users_controller.rb:17
  Rendered users/new.html.erb within layouts/application (0.6ms)
  Rendered users/new.html.erb within layouts/application (0.3ms)
  ↳ app/models/user.rb:27
  [1m[36mUser Exists (1.2ms)[0m  [1m[34mSELECT  1 AS one FROM "users" WHERE "users"."email" = $1 LIMIT $2[0m  [["email", "user@gmail.com"], ["LIMIT", 1]]
  ↳ app/controllers/users_controller.rb:17
  [1m[36mUser Exists (1.1ms)[0m  [1m[34mSELECT  1 AS one FROM "users" WHERE "users"."email" = $1 AND "users"."id" != $2 LIMIT $3[0m  [["email", "user@gmail.com"], ["id", 2], ["LIMIT", 1]]
  ↳ app/models/user.rb:27
  [1m[35m (0.8ms)[0m  [1m[31mROLLBACK[0m
  ↳ app/controllers/users_controller.rb:17
  [1m[36mUser Update (0.6ms)[0m  [1m[33mUPDATE "users" SET "session_token" = $1, "updated_at" = $2 WHERE "users"."id" = $3[0m  [["session_token", "hS0I5ZhblToQimbZun4iPQ"], ["updated_at", "2021-03-02 22:44:39.050184"], ["id", 2]]
  ↳ app/models/user.rb:27
  Rendering users/new.html.erb within layouts/application
  Rendered users/new.html.erb within layouts/application (0.3ms)
  [1m[35m (6.1ms)[0m  [1m[35mCOMMIT[0m
  ↳ app/models/user.rb:27
Redirected to http://localhost:3000/users/2
Completed 302 Found in 548ms (ActiveRecord: 23.1ms)


Completed 200 OK in 292ms (Views: 291.3ms | ActiveRecord: 0.0ms)


Completed 200 OK in 304ms (Views: 303.4ms | ActiveRecord: 0.0ms)


Completed 200 OK in 295ms (Views: 37.1ms | ActiveRecord: 2.5ms)


Started GET "/users/new" for ::1 at 2021-03-02 14:44:51 -0800
  [1m[35m (0.7ms)[0m  [1m[34mSELECT "schema_migrations"."version" FROM "schema_migrations" ORDER BY "schema_migrations"."version" ASC[0m
  ↳ /home/adrian/.rbenv/versions/2.5.1/lib/ruby/gems/2.5.0/gems/activerecord-5.2.4.5/lib/active_record/log_subscriber.rb:98
Processing by UsersController#new as HTML
  Rendering users/new.html.erb within layouts/application
  Rendered users/new.html.erb within layouts/application (1.6ms)
Completed 200 OK in 390ms (Views: 372.4ms | ActiveRecord: 4.4ms)


Started POST "/users" for ::1 at 2021-03-02 14:45:04 -0800
Processing by UsersController#create as HTML
  Parameters: {"authenticity_token"=>"Sgn6KOsAoVg9i7AYV7s9wNaKeRkkMuc/DHcakNHIQcGUEBwO23hNkrQoayZzGJp3IMJolUKKTQkqE9gOC5D5NA==", "user"=>{"email"=>"user@gmail.com", "password"=>"[FILTERED]"}}
  [1m[35m (0.3ms)[0m  [1m[35mBEGIN[0m
  ↳ app/controllers/users_controller.rb:17
  [1m[36mUser Exists (1.1ms)[0m  [1m[34mSELECT  1 AS one FROM "users" WHERE "users"."email" = $1 LIMIT $2[0m  [["email", "user@gmail.com"], ["LIMIT", 1]]
  ↳ app/controllers/users_controller.rb:17
  [1m[35m (0.2ms)[0m  [1m[31mROLLBACK[0m
  ↳ app/controllers/users_controller.rb:17
  Rendering users/new.html.erb within layouts/application
  Rendered users/new.html.erb within layouts/application (0.5ms)
Completed 200 OK in 251ms (Views: 16.2ms | ActiveRecord: 1.6ms)


Started POST "/users" for ::1 at 2021-03-02 14:52:43 -0800
Processing by UsersController#create as HTML
  Parameters: {"authenticity_token"=>"yESSyXXM6cdeDp7+wvjUrFJpJILQXTKNFYUTUO+TvuQWXXTvRbQFDdetRcDmW3MbpCE1DrblmLsz4dHONcsGEQ==", "user"=>{"email"=>"hi@gmail.com", "password"=>"[FILTERED]"}}
Completed 500 Internal Server Error in 361294ms (ActiveRecord: 4.0ms)



SystemExit - exit:
  (byebug):1:in `create'
  app/controllers/users_controller.rb:17:in `create'

Started POST "/__better_errors/8ea3d10b228c8aee/variables" for ::1 at 2021-03-02 14:58:45 -0800
Started GET "/users/new" for ::1 at 2021-03-02 14:59:23 -0800
  [1m[35m (0.4ms)[0m  [1m[34mSELECT "schema_migrations"."version" FROM "schema_migrations" ORDER BY "schema_migrations"."version" ASC[0m
  ↳ /home/adrian/.rbenv/versions/2.5.1/lib/ruby/gems/2.5.0/gems/activerecord-5.2.4.5/lib/active_record/log_subscriber.rb:98
Processing by UsersController#new as HTML
  Rendering users/new.html.erb within layouts/application
  Rendered users/new.html.erb within layouts/application (1.0ms)
Completed 200 OK in 157ms (Views: 137.4ms | ActiveRecord: 2.9ms)


Started POST "/users" for ::1 at 2021-03-02 14:59:38 -0800
Processing by UsersController#create as HTML
  Parameters: {"authenticity_token"=>"u6Xmyow2rI/Otw3xmBg22bsqGM5KMDVskcYJZNdGd0plvADsvE5ARUcU1s+8u5FuTWIJQiyIn1q3osv6DR7Pvw==", "user"=>{"email"=>"new@gmail.com", "password"=>"[FILTERED]"}}
Completed 500 Internal Server Error in 26937ms (ActiveRecord: 0.0ms)



SystemExit - exit:
  (byebug):1:in `create'
  app/controllers/users_controller.rb:17:in `create'

Started POST "/__better_errors/e7857247c038f439/variables" for ::1 at 2021-03-02 15:00:05 -0800
Started GET "/users/new" for ::1 at 2021-03-02 15:00:21 -0800
  [1m[35m (0.4ms)[0m  [1m[34mSELECT "schema_migrations"."version" FROM "schema_migrations" ORDER BY "schema_migrations"."version" ASC[0m
  ↳ /home/adrian/.rbenv/versions/2.5.1/lib/ruby/gems/2.5.0/gems/activerecord-5.2.4.5/lib/active_record/log_subscriber.rb:98
Processing by UsersController#new as HTML
  Rendering users/new.html.erb within layouts/application
  Rendered users/new.html.erb within layouts/application (1.1ms)
Completed 200 OK in 178ms (Views: 166.2ms | ActiveRecord: 2.6ms)


Started POST "/users" for ::1 at 2021-03-02 15:00:40 -0800
Processing by UsersController#create as HTML
  Parameters: {"authenticity_token"=>"0zPz1yJtOGpaNmSw9tF2eIPxrFHK6SsetzsJW+RSSS8NKhXxEhXUoNOVv47SctHPdbm93axRgSiRX8vFPgrx2g==", "user"=>{"email"=>"new@gmail.com", "password"=>"[FILTERED]"}}
  [1m[35m (0.2ms)[0m  [1m[35mBEGIN[0m
  ↳ app/controllers/users_controller.rb:17
  [1m[36mUser Exists (26.6ms)[0m  [1m[34mSELECT  1 AS one FROM "users" WHERE "users"."email" = $1 LIMIT $2[0m  [["email", "new@gmail.com"], ["LIMIT", 1]]
  ↳ app/controllers/users_controller.rb:17
  [1m[35m (0.4ms)[0m  [1m[31mROLLBACK[0m
  ↳ app/controllers/users_controller.rb:17
  Rendering users/new.html.erb within layouts/application
  Rendered users/new.html.erb within layouts/application (0.8ms)
Completed 200 OK in 284ms (Views: 23.0ms | ActiveRecord: 27.2ms)


Started POST "/users" for ::1 at 2021-03-02 15:07:10 -0800
Processing by UsersController#create as HTML
  Parameters: {"authenticity_token"=>"9mvI91xkk2DDy/1oruuBohJEYYmPIKkabxAzDnj/3zkoci7RbBx/qkpoJlaKSCYV5AxwBemYAyxJdPGQoqdnzA==", "user"=>{"email"=>"hello@gmail.com", "password"=>"[FILTERED]"}}
  [1m[35m (0.5ms)[0m  [1m[35mBEGIN[0m
  ↳ app/controllers/users_controller.rb:17
  [1m[36mUser Exists (1.2ms)[0m  [1m[34mSELECT  1 AS one FROM "users" WHERE "users"."email" = $1 LIMIT $2[0m  [["email", "hello@gmail.com"], ["LIMIT", 1]]
  ↳ app/controllers/users_controller.rb:17
  [1m[36mUser Create (0.9ms)[0m  [1m[32mINSERT INTO "users" ("email", "password_digest", "session_token", "created_at", "updated_at") VALUES ($1, $2, $3, $4, $5) RETURNING "id"[0m  [["email", "hello@gmail.com"], ["password_digest", "$2a$12$Uew482MEkmRmepqSVC0WauF.JhMwiLhapPi9AzfsU8kaVsMSNMgkC"], ["session_token", "V0NpdCcrQJqaKNpqVVBj6Q"], ["created_at", "2021-03-02 23:07:54.045819"], ["updated_at", "2021-03-02 23:07:54.045819"]]
  ↳ app/controllers/users_controller.rb:17
  [1m[35m (12.9ms)[0m  [1m[35mCOMMIT[0m
  ↳ app/controllers/users_controller.rb:17
  [1m[35m (5.7ms)[0m  [1m[35mBEGIN[0m
  ↳ app/models/user.rb:28
  [1m[36mUser Exists (0.9ms)[0m  [1m[34mSELECT  1 AS one FROM "users" WHERE "users"."email" = $1 AND "users"."id" != $2 LIMIT $3[0m  [["email", "hello@gmail.com"], ["id", 3], ["LIMIT", 1]]
  ↳ app/models/user.rb:28
  [1m[36mUser Update (0.6ms)[0m  [1m[33mUPDATE "users" SET "session_token" = $1, "updated_at" = $2 WHERE "users"."id" = $3[0m  [["session_token", "1ZKUewmqlEy0-kNQ_jTnrw"], ["updated_at", "2021-03-02 23:08:15.827878"], ["id", 3]]
  ↳ app/models/user.rb:28
  [1m[35m (5.7ms)[0m  [1m[35mCOMMIT[0m
  ↳ app/models/user.rb:28
Redirected to http://localhost:3000/users/3
Completed 302 Found in 145827ms (ActiveRecord: 33.4ms)


Started GET "/users/3" for ::1 at 2021-03-02 15:09:41 -0800
Processing by UsersController#show as HTML
  Parameters: {"id"=>"3"}
  [1m[36mUser Load (0.3ms)[0m  [1m[34mSELECT  "users".* FROM "users" WHERE "users"."id" = $1 LIMIT $2[0m  [["id", 3], ["LIMIT", 1]]
  ↳ app/controllers/users_controller.rb:9
  Rendering users/show.html.erb within layouts/application
  Rendered users/show.html.erb within layouts/application (0.4ms)
Completed 200 OK in 71ms (Views: 29.6ms | ActiveRecord: 0.5ms)


Started GET "/users/3" for ::1 at 2021-03-02 15:09:57 -0800
Processing by UsersController#show as HTML
  Parameters: {"id"=>"3"}
  [1m[36mUser Load (0.4ms)[0m  [1m[34mSELECT  "users".* FROM "users" WHERE "users"."id" = $1 LIMIT $2[0m  [["id", 3], ["LIMIT", 1]]
  ↳ app/controllers/users_controller.rb:9
  Rendering users/show.html.erb within layouts/application
  Rendered users/show.html.erb within layouts/application (0.5ms)
Completed 200 OK in 35ms (Views: 32.2ms | ActiveRecord: 0.4ms)


Started GET "/users/new" for ::1 at 2021-03-02 15:10:01 -0800
Processing by UsersController#new as HTML
  Rendering users/new.html.erb within layouts/application
  Rendered users/new.html.erb within layouts/application (0.8ms)
Completed 200 OK in 32ms (Views: 31.4ms | ActiveRecord: 0.0ms)


Started POST "/users" for ::1 at 2021-03-02 15:10:16 -0800
Processing by UsersController#create as HTML
  Parameters: {"authenticity_token"=>"yKyhO38FciNiq7nnH/THDXV34Y0WDpDqF9i2XfmJGkkWtUcdT32e6esIYtk7V2C6gz/wAXC2OtwxvHTDI9GivA==", "user"=>{"email"=>"hi", "password"=>"[FILTERED]"}}
  [1m[35m (0.3ms)[0m  [1m[35mBEGIN[0m
  ↳ app/controllers/users_controller.rb:17
  [1m[36mUser Exists (0.4ms)[0m  [1m[34mSELECT  1 AS one FROM "users" WHERE "users"."email" = $1 LIMIT $2[0m  [["email", "hi"], ["LIMIT", 1]]
  ↳ app/controllers/users_controller.rb:17
  [1m[36mUser Create (0.3ms)[0m  [1m[32mINSERT INTO "users" ("email", "password_digest", "session_token", "created_at", "updated_at") VALUES ($1, $2, $3, $4, $5) RETURNING "id"[0m  [["email", "hi"], ["password_digest", "$2a$12$uZtOFpfKRq7OWW1qyesuB.9tO.npzBYLS87qJStYmkOHs/KCTPMci"], ["session_token", "DxIQPB0get7xZ1fvzSxpQA"], ["created_at", "2021-03-02 23:10:27.099054"], ["updated_at", "2021-03-02 23:10:27.099054"]]
  ↳ app/controllers/users_controller.rb:17
  [1m[35m (5.6ms)[0m  [1m[35mCOMMIT[0m
  ↳ app/controllers/users_controller.rb:17
  [1m[35m (0.1ms)[0m  [1m[35mBEGIN[0m
  ↳ app/models/user.rb:28
  [1m[36mUser Exists (0.5ms)[0m  [1m[34mSELECT  1 AS one FROM "users" WHERE "users"."email" = $1 AND "users"."id" != $2 LIMIT $3[0m  [["email", "hi"], ["id", 4], ["LIMIT", 1]]
  ↳ app/models/user.rb:28
  [1m[36mUser Update (0.4ms)[0m  [1m[33mUPDATE "users" SET "session_token" = $1, "updated_at" = $2 WHERE "users"."id" = $3[0m  [["session_token", "cNUhv9GNRCOq2Wnfn27O2w"], ["updated_at", "2021-03-02 23:10:27.121552"], ["id", 4]]
  ↳ app/models/user.rb:28
  [1m[35m (0.4ms)[0m  [1m[35mCOMMIT[0m
  ↳ app/models/user.rb:28
Redirected to http://localhost:3000/users/4
Completed 302 Found in 10829ms (ActiveRecord: 8.1ms)


Started GET "/users/4" for ::1 at 2021-03-02 15:10:27 -0800
Processing by UsersController#show as HTML
  Parameters: {"id"=>"4"}
  [1m[36mUser Load (0.3ms)[0m  [1m[34mSELECT  "users".* FROM "users" WHERE "users"."id" = $1 LIMIT $2[0m  [["id", 4], ["LIMIT", 1]]
  ↳ app/controllers/users_controller.rb:9
  Rendering users/show.html.erb within layouts/application
  Rendered users/show.html.erb within layouts/application (0.4ms)
Completed 200 OK in 30ms (Views: 28.0ms | ActiveRecord: 0.3ms)


Started GET "/users" for ::1 at 2021-03-02 15:10:50 -0800

AbstractController::ActionNotFound - The action 'index' could not be found for UsersController:

Started POST "/__better_errors/577d730b8c554555/variables" for ::1 at 2021-03-02 15:10:50 -0800
Started GET "/users/new" for ::1 at 2021-03-02 15:10:54 -0800
Processing by UsersController#new as HTML
  Rendering users/new.html.erb within layouts/application
  Rendered users/new.html.erb within layouts/application (1.1ms)
Completed 200 OK in 35ms (Views: 24.7ms | ActiveRecord: 3.1ms)


Started POST "/users" for ::1 at 2021-03-02 15:11:12 -0800
Processing by UsersController#create as HTML
  Parameters: {"authenticity_token"=>"UWWv7lnklt2qBtXqY7b2nJi7/jBHg9ToMp3BrR4YAkyPfEnIaZx6FyOlDtRHFVErbvPvvCE7ft4U+QMzxEC6uQ==", "user"=>{"email"=>"test@gmail.com", "password"=>"[FILTERED]"}}
  [1m[35m (0.3ms)[0m  [1m[35mBEGIN[0m
  ↳ app/controllers/users_controller.rb:17
  [1m[36mUser Exists (0.3ms)[0m  [1m[34mSELECT  1 AS one FROM "users" WHERE "users"."email" = $1 LIMIT $2[0m  [["email", "test@gmail.com"], ["LIMIT", 1]]
  ↳ app/controllers/users_controller.rb:17
  [1m[36mUser Create (0.4ms)[0m  [1m[32mINSERT INTO "users" ("email", "password_digest", "session_token", "created_at", "updated_at") VALUES ($1, $2, $3, $4, $5) RETURNING "id"[0m  [["email", "test@gmail.com"], ["password_digest", "$2a$12$1DLS3TtHswLTqZ4X.wT.y.ylWJDv5B9sAI4/KjRb56NZ/qPFApdYW"], ["session_token", "LGDgcdNe-KmFh8x_3u_R8w"], ["created_at", "2021-03-02 23:11:12.983827"], ["updated_at", "2021-03-02 23:11:12.983827"]]
  ↳ app/controllers/users_controller.rb:17
  [1m[35m (5.0ms)[0m  [1m[35mCOMMIT[0m
  ↳ app/controllers/users_controller.rb:17
  [1m[35m (0.1ms)[0m  [1m[35mBEGIN[0m
  ↳ app/models/user.rb:28
  [1m[36mUser Exists (0.5ms)[0m  [1m[34mSELECT  1 AS one FROM "users" WHERE "users"."email" = $1 AND "users"."id" != $2 LIMIT $3[0m  [["email", "test@gmail.com"], ["id", 5], ["LIMIT", 1]]
  ↳ app/models/user.rb:28
  [1m[36mUser Update (0.4ms)[0m  [1m[33mUPDATE "users" SET "session_token" = $1, "updated_at" = $2 WHERE "users"."id" = $3[0m  [["session_token", "0vRCeWu7DnY8H_YKCclJhQ"], ["updated_at", "2021-03-02 23:11:12.998335"], ["id", 5]]
  ↳ app/models/user.rb:28
  [1m[35m (0.6ms)[0m  [1m[35mCOMMIT[0m
  ↳ app/models/user.rb:28
Redirected to http://localhost:3000/users/5
Completed 302 Found in 226ms (ActiveRecord: 7.6ms)


Started GET "/users/5" for ::1 at 2021-03-02 15:11:13 -0800
Processing by UsersController#show as HTML
  Parameters: {"id"=>"5"}
  [1m[36mUser Load (0.3ms)[0m  [1m[34mSELECT  "users".* FROM "users" WHERE "users"."id" = $1 LIMIT $2[0m  [["id", 5], ["LIMIT", 1]]
  ↳ app/controllers/users_controller.rb:9
  Rendering users/show.html.erb within layouts/application
  Rendered users/show.html.erb within layouts/application (0.5ms)
Completed 200 OK in 26ms (Views: 23.6ms | ActiveRecord: 0.3ms)


Started GET "/users/new" for ::1 at 2021-03-02 15:11:51 -0800
Processing by UsersController#new as HTML
  Rendering users/new.html.erb within layouts/application
  Rendered users/new.html.erb within layouts/application (0.7ms)
Completed 200 OK in 24ms (Views: 23.1ms | ActiveRecord: 0.0ms)


Started POST "/users" for ::1 at 2021-03-02 15:12:00 -0800
Processing by UsersController#create as HTML
  Parameters: {"authenticity_token"=>"5T07coliuFLSyikOD4Wooxyy3yjsAkJxdo6BFG0QQdM7JN1UuRpUmFtp8jArJg8U6vrOpIq66EdQ6kOKt0j5Jg==", "user"=>{"email"=>"real@gmail.com", "password"=>"[FILTERED]"}}
  [1m[35m (0.3ms)[0m  [1m[35mBEGIN[0m
  ↳ app/controllers/users_controller.rb:17
  [1m[36mUser Exists (0.4ms)[0m  [1m[34mSELECT  1 AS one FROM "users" WHERE "users"."email" = $1 LIMIT $2[0m  [["email", "real@gmail.com"], ["LIMIT", 1]]
  ↳ app/controllers/users_controller.rb:17
  [1m[36mUser Create (0.2ms)[0m  [1m[32mINSERT INTO "users" ("email", "password_digest", "session_token", "created_at", "updated_at") VALUES ($1, $2, $3, $4, $5) RETURNING "id"[0m  [["email", "real@gmail.com"], ["password_digest", "$2a$12$sioZi0i5Nm70aa6OzWqYq.mqy7H4h9VkIwm/neXIJIW0agx7kqnAq"], ["session_token", "hyw89zz1-uiNlna4bzldRw"], ["created_at", "2021-03-02 23:12:01.154663"], ["updated_at", "2021-03-02 23:12:01.154663"]]
  ↳ app/controllers/users_controller.rb:17
  [1m[35m (5.1ms)[0m  [1m[35mCOMMIT[0m
  ↳ app/controllers/users_controller.rb:17
  [1m[35m (0.2ms)[0m  [1m[35mBEGIN[0m
  ↳ app/models/user.rb:28
  [1m[36mUser Exists (0.3ms)[0m  [1m[34mSELECT  1 AS one FROM "users" WHERE "users"."email" = $1 AND "users"."id" != $2 LIMIT $3[0m  [["email", "real@gmail.com"], ["id", 6], ["LIMIT", 1]]
  ↳ app/models/user.rb:28
  [1m[36mUser Update (0.2ms)[0m  [1m[33mUPDATE "users" SET "session_token" = $1, "updated_at" = $2 WHERE "users"."id" = $3[0m  [["session_token", "weuCaROSdVXb10x1_dkbTg"], ["updated_at", "2021-03-02 23:12:01.165957"], ["id", 6]]
  ↳ app/models/user.rb:28
  [1m[35m (0.4ms)[0m  [1m[35mCOMMIT[0m
  ↳ app/models/user.rb:28
Redirected to http://localhost:3000/users/6
Completed 302 Found in 229ms (ActiveRecord: 7.0ms)


Started GET "/users/6" for ::1 at 2021-03-02 15:12:01 -0800
Processing by UsersController#show as HTML
  Parameters: {"id"=>"6"}
  [1m[36mUser Load (0.2ms)[0m  [1m[34mSELECT  "users".* FROM "users" WHERE "users"."id" = $1 LIMIT $2[0m  [["id", 6], ["LIMIT", 1]]
  ↳ app/controllers/users_controller.rb:9
  Rendering users/show.html.erb within layouts/application
  Rendered users/show.html.erb within layouts/application (0.3ms)
Completed 200 OK in 26ms (Views: 24.9ms | ActiveRecord: 0.2ms)


Started GET "/sessions/new" for ::1 at 2021-03-02 15:12:14 -0800
Processing by SessionsController#new as HTML
  Rendering sessions/new.html.erb within layouts/application
  Rendered sessions/new.html.erb within layouts/application (1.9ms)
Completed 200 OK in 39ms (Views: 38.2ms | ActiveRecord: 0.0ms)


Started POST "/sessions" for ::1 at 2021-03-02 15:12:25 -0800
Processing by SessionsController#create as HTML
  Parameters: {"authenticity_token"=>"TCp0eJuccNXz346YcOGoIT8vdxltATPKDV2vuDBh0++SM5Jeq+ScH3p8VaZUQg+WyWdmlQu5mfwrOW0m6jlrGg==", "user"=>{"email"=>"real@gmail.com", "password"=>"[FILTERED]"}}
  [1m[36mUser Load (0.2ms)[0m  [1m[34mSELECT  "users".* FROM "users" WHERE "users"."email" = $1 LIMIT $2[0m  [["email", "real@gmail.com"], ["LIMIT", 1]]
  ↳ app/models/user.rb:13
Completed 500 Internal Server Error in 18ms (ActiveRecord: 0.2ms)



NoMethodError - undefined method `is_password' for #<Class:0x00007f99451df278>:
  app/models/user.rb:15:in `find_by_credentials'
  app/controllers/sessions_controller.rb:7:in `create'

Started POST "/__better_errors/f0213f72614249f4/variables" for ::1 at 2021-03-02 15:12:25 -0800
Started POST "/sessions" for ::1 at 2021-03-02 15:14:36 -0800
Processing by SessionsController#create as HTML
  Parameters: {"authenticity_token"=>"TCp0eJuccNXz346YcOGoIT8vdxltATPKDV2vuDBh0++SM5Jeq+ScH3p8VaZUQg+WyWdmlQu5mfwrOW0m6jlrGg==", "user"=>{"email"=>"real@gmail.com", "password"=>"[FILTERED]"}}
  [1m[36mUser Load (0.4ms)[0m  [1m[34mSELECT  "users".* FROM "users" WHERE "users"."email" = $1 LIMIT $2[0m  [["email", "real@gmail.com"], ["LIMIT", 1]]
  ↳ app/models/user.rb:13
Completed 500 Internal Server Error in 36ms (ActiveRecord: 7.3ms)



NoMethodError - undefined method `is_password' for #<User:0x00007f994521ad28>
Did you mean?  is_password?:
  app/models/user.rb:15:in `find_by_credentials'
  app/controllers/sessions_controller.rb:7:in `create'

Started POST "/__better_errors/f6c236b2fbfc65e5/variables" for ::1 at 2021-03-02 15:14:37 -0800
Started GET "/sessions" for ::1 at 2021-03-02 15:15:09 -0800
  
ActionController::RoutingError (No route matches [GET] "/sessions"):
  
actionpack (5.2.4.5) lib/action_dispatch/middleware/debug_exceptions.rb:65:in `call'
web-console (3.7.0) lib/web_console/middleware.rb:135:in `call_app'
web-console (3.7.0) lib/web_console/middleware.rb:30:in `block in call'
web-console (3.7.0) lib/web_console/middleware.rb:20:in `catch'
web-console (3.7.0) lib/web_console/middleware.rb:20:in `call'
actionpack (5.2.4.5) lib/action_dispatch/middleware/show_exceptions.rb:33:in `call'
railties (5.2.4.5) lib/rails/rack/logger.rb:38:in `call_app'
railties (5.2.4.5) lib/rails/rack/logger.rb:26:in `block in call'
activesupport (5.2.4.5) lib/active_support/tagged_logging.rb:71:in `block in tagged'
activesupport (5.2.4.5) lib/active_support/tagged_logging.rb:28:in `tagged'
activesupport (5.2.4.5) lib/active_support/tagged_logging.rb:71:in `tagged'
railties (5.2.4.5) lib/rails/rack/logger.rb:26:in `call'
sprockets-rails (3.2.2) lib/sprockets/rails/quiet_assets.rb:13:in `call'
actionpack (5.2.4.5) lib/action_dispatch/middleware/remote_ip.rb:81:in `call'
actionpack (5.2.4.5) lib/action_dispatch/middleware/request_id.rb:27:in `call'
rack (2.2.3) lib/rack/method_override.rb:24:in `call'
rack (2.2.3) lib/rack/runtime.rb:22:in `call'
activesupport (5.2.4.5) lib/active_support/cache/strategy/local_cache_middleware.rb:29:in `call'
actionpack (5.2.4.5) lib/action_dispatch/middleware/executor.rb:14:in `call'
actionpack (5.2.4.5) lib/action_dispatch/middleware/static.rb:127:in `call'
rack (2.2.3) lib/rack/sendfile.rb:110:in `call'
railties (5.2.4.5) lib/rails/engine.rb:524:in `call'
puma (3.12.6) lib/puma/configuration.rb:227:in `call'
puma (3.12.6) lib/puma/server.rb:706:in `handle_request'
puma (3.12.6) lib/puma/server.rb:476:in `process_client'
puma (3.12.6) lib/puma/server.rb:334:in `block in run'
puma (3.12.6) lib/puma/thread_pool.rb:135:in `block in spawn_thread'
Started GET "/sessions" for ::1 at 2021-03-02 15:16:20 -0800
  
ActionController::RoutingError (No route matches [GET] "/sessions"):
  
actionpack (5.2.4.5) lib/action_dispatch/middleware/debug_exceptions.rb:65:in `call'
web-console (3.7.0) lib/web_console/middleware.rb:135:in `call_app'
web-console (3.7.0) lib/web_console/middleware.rb:30:in `block in call'
web-console (3.7.0) lib/web_console/middleware.rb:20:in `catch'
web-console (3.7.0) lib/web_console/middleware.rb:20:in `call'
actionpack (5.2.4.5) lib/action_dispatch/middleware/show_exceptions.rb:33:in `call'
railties (5.2.4.5) lib/rails/rack/logger.rb:38:in `call_app'
railties (5.2.4.5) lib/rails/rack/logger.rb:26:in `block in call'
activesupport (5.2.4.5) lib/active_support/tagged_logging.rb:71:in `block in tagged'
activesupport (5.2.4.5) lib/active_support/tagged_logging.rb:28:in `tagged'
activesupport (5.2.4.5) lib/active_support/tagged_logging.rb:71:in `tagged'
railties (5.2.4.5) lib/rails/rack/logger.rb:26:in `call'
sprockets-rails (3.2.2) lib/sprockets/rails/quiet_assets.rb:13:in `call'
actionpack (5.2.4.5) lib/action_dispatch/middleware/remote_ip.rb:81:in `call'
actionpack (5.2.4.5) lib/action_dispatch/middleware/request_id.rb:27:in `call'
rack (2.2.3) lib/rack/method_override.rb:24:in `call'
rack (2.2.3) lib/rack/runtime.rb:22:in `call'
activesupport (5.2.4.5) lib/active_support/cache/strategy/local_cache_middleware.rb:29:in `call'
actionpack (5.2.4.5) lib/action_dispatch/middleware/executor.rb:14:in `call'
actionpack (5.2.4.5) lib/action_dispatch/middleware/static.rb:127:in `call'
rack (2.2.3) lib/rack/sendfile.rb:110:in `call'
railties (5.2.4.5) lib/rails/engine.rb:524:in `call'
puma (3.12.6) lib/puma/configuration.rb:227:in `call'
puma (3.12.6) lib/puma/server.rb:706:in `handle_request'
puma (3.12.6) lib/puma/server.rb:476:in `process_client'
puma (3.12.6) lib/puma/server.rb:334:in `block in run'
puma (3.12.6) lib/puma/thread_pool.rb:135:in `block in spawn_thread'
Started POST "/sessions" for ::1 at 2021-03-02 15:16:38 -0800
Processing by SessionsController#create as HTML
  Parameters: {"authenticity_token"=>"TCp0eJuccNXz346YcOGoIT8vdxltATPKDV2vuDBh0++SM5Jeq+ScH3p8VaZUQg+WyWdmlQu5mfwrOW0m6jlrGg==", "user"=>{"email"=>"real@gmail.com", "password"=>"[FILTERED]"}}
  [1m[36mUser Load (0.4ms)[0m  [1m[34mSELECT  "users".* FROM "users" WHERE "users"."email" = $1 LIMIT $2[0m  [["email", "real@gmail.com"], ["LIMIT", 1]]
  ↳ app/models/user.rb:13
Completed 500 Internal Server Error in 31ms (ActiveRecord: 3.2ms)



NoMethodError - undefined method `is_password?' for #<Class:0x00007f993d1a56e8>:
  app/models/user.rb:15:in `find_by_credentials'
  app/controllers/sessions_controller.rb:7:in `create'

Started POST "/__better_errors/856e4ba6fa5a740e/variables" for ::1 at 2021-03-02 15:16:38 -0800
Started POST "/__better_errors/856e4ba6fa5a740e/eval" for ::1 at 2021-03-02 15:16:50 -0800
Started POST "/__better_errors/856e4ba6fa5a740e/eval" for ::1 at 2021-03-02 15:17:06 -0800
Started POST "/sessions" for ::1 at 2021-03-02 15:17:19 -0800
Processing by SessionsController#create as HTML
  Parameters: {"authenticity_token"=>"TCp0eJuccNXz346YcOGoIT8vdxltATPKDV2vuDBh0++SM5Jeq+ScH3p8VaZUQg+WyWdmlQu5mfwrOW0m6jlrGg==", "user"=>{"email"=>"real@gmail.com", "password"=>"[FILTERED]"}}
  [1m[36mUser Load (0.4ms)[0m  [1m[34mSELECT  "users".* FROM "users" WHERE "users"."email" = $1 LIMIT $2[0m  [["email", "real@gmail.com"], ["LIMIT", 1]]
  ↳ app/models/user.rb:13
Completed 500 Internal Server Error in 14ms (ActiveRecord: 0.4ms)



NoMethodError - undefined method `is_password?' for #<Class:0x00007f993d1a56e8>:
  app/models/user.rb:15:in `find_by_credentials'
  app/controllers/sessions_controller.rb:7:in `create'

Started POST "/__better_errors/88da4009de4ea309/variables" for ::1 at 2021-03-02 15:17:19 -0800
Started POST "/sessions" for ::1 at 2021-03-02 15:17:51 -0800
Processing by SessionsController#create as HTML
  Parameters: {"authenticity_token"=>"TCp0eJuccNXz346YcOGoIT8vdxltATPKDV2vuDBh0++SM5Jeq+ScH3p8VaZUQg+WyWdmlQu5mfwrOW0m6jlrGg==", "user"=>{"email"=>"real@gmail.com", "password"=>"[FILTERED]"}}
  [1m[36mUser Load (0.3ms)[0m  [1m[34mSELECT  "users".* FROM "users" WHERE "users"."email" = $1 LIMIT $2[0m  [["email", "real@gmail.com"], ["LIMIT", 1]]
  ↳ app/models/user.rb:13
Completed 500 Internal Server Error in 29ms (ActiveRecord: 3.3ms)



NoMethodError - undefined method `is_password' for "$2a$12$sioZi0i5Nm70aa6OzWqYq.mqy7H4h9VkIwm/neXIJIW0agx7kqnAq":BCrypt::Password
Did you mean?  is_password?:
  app/models/user.rb:38:in `is_password?'
  app/models/user.rb:15:in `find_by_credentials'
  app/controllers/sessions_controller.rb:7:in `create'

Started POST "/__better_errors/84ab72269619b153/variables" for ::1 at 2021-03-02 15:17:51 -0800
Started POST "/sessions" for ::1 at 2021-03-02 15:18:17 -0800
Processing by SessionsController#create as HTML
  Parameters: {"authenticity_token"=>"TCp0eJuccNXz346YcOGoIT8vdxltATPKDV2vuDBh0++SM5Jeq+ScH3p8VaZUQg+WyWdmlQu5mfwrOW0m6jlrGg==", "user"=>{"email"=>"real@gmail.com", "password"=>"[FILTERED]"}}
  [1m[36mUser Load (0.4ms)[0m  [1m[34mSELECT  "users".* FROM "users" WHERE "users"."email" = $1 LIMIT $2[0m  [["email", "real@gmail.com"], ["LIMIT", 1]]
  ↳ app/models/user.rb:13
  [1m[35m (0.2ms)[0m  [1m[35mBEGIN[0m
  ↳ app/models/user.rb:28
  [1m[36mUser Exists (0.8ms)[0m  [1m[34mSELECT  1 AS one FROM "users" WHERE "users"."email" = $1 AND "users"."id" != $2 LIMIT $3[0m  [["email", "real@gmail.com"], ["id", 6], ["LIMIT", 1]]
  ↳ app/models/user.rb:28
  [1m[36mUser Update (0.3ms)[0m  [1m[33mUPDATE "users" SET "session_token" = $1, "updated_at" = $2 WHERE "users"."id" = $3[0m  [["session_token", "hfhn47JT-BZw4ihUE2oXfQ"], ["updated_at", "2021-03-02 23:18:18.125791"], ["id", 6]]
  ↳ app/models/user.rb:28
  [1m[35m (5.0ms)[0m  [1m[35mCOMMIT[0m
  ↳ app/models/user.rb:28
Redirected to http://localhost:3000/users/6
Completed 302 Found in 265ms (ActiveRecord: 11.1ms)


Started GET "/users/6" for ::1 at 2021-03-02 15:18:18 -0800
Processing by UsersController#show as HTML
  Parameters: {"id"=>"6"}
  [1m[36mUser Load (0.4ms)[0m  [1m[34mSELECT  "users".* FROM "users" WHERE "users"."id" = $1 LIMIT $2[0m  [["id", 6], ["LIMIT", 1]]
  ↳ app/controllers/users_controller.rb:9
  Rendering users/show.html.erb within layouts/application
  Rendered users/show.html.erb within layouts/application (0.5ms)
Completed 200 OK in 29ms (Views: 22.4ms | ActiveRecord: 0.4ms)


Started GET "/sessions/new" for ::1 at 2021-03-02 15:18:25 -0800
Processing by SessionsController#new as HTML
  Rendering sessions/new.html.erb within layouts/application
  Rendered sessions/new.html.erb within layouts/application (0.9ms)
Completed 200 OK in 26ms (Views: 25.9ms | ActiveRecord: 0.0ms)


Started POST "/sessions" for ::1 at 2021-03-02 15:18:36 -0800
Processing by SessionsController#create as HTML
  Parameters: {"authenticity_token"=>"oElET9d1ZtIU0g1vCUwCsbKAR/d7H3poTTYsj+BJYgV+UKJp5w2KGJ1x1lEt76UGRMhWex2n0F5rUu4ROhHa8A==", "user"=>{"email"=>"real@gmail.com", "password"=>"[FILTERED]"}}
  [1m[36mUser Load (0.2ms)[0m  [1m[34mSELECT  "users".* FROM "users" WHERE "users"."email" = $1 LIMIT $2[0m  [["email", "real@gmail.com"], ["LIMIT", 1]]
  ↳ app/models/user.rb:13
  [1m[35m (0.1ms)[0m  [1m[35mBEGIN[0m
  ↳ app/models/user.rb:28
  [1m[36mUser Exists (0.5ms)[0m  [1m[34mSELECT  1 AS one FROM "users" WHERE "users"."email" = $1 AND "users"."id" != $2 LIMIT $3[0m  [["email", "real@gmail.com"], ["id", 6], ["LIMIT", 1]]
  ↳ app/models/user.rb:28
  [1m[36mUser Update (0.3ms)[0m  [1m[33mUPDATE "users" SET "session_token" = $1, "updated_at" = $2 WHERE "users"."id" = $3[0m  [["session_token", "O1WAJ3_IsUGocknsq3QRaQ"], ["updated_at", "2021-03-02 23:18:36.409551"], ["id", 6]]
  ↳ app/models/user.rb:28
  [1m[35m (5.1ms)[0m  [1m[35mCOMMIT[0m
  ↳ app/models/user.rb:28
Redirected to http://localhost:3000/users/6
Completed 302 Found in 236ms (ActiveRecord: 6.2ms)


Started GET "/users/6" for ::1 at 2021-03-02 15:18:36 -0800
Processing by UsersController#show as HTML
  Parameters: {"id"=>"6"}
  [1m[36mUser Load (0.3ms)[0m  [1m[34mSELECT  "users".* FROM "users" WHERE "users"."id" = $1 LIMIT $2[0m  [["id", 6], ["LIMIT", 1]]
  ↳ app/controllers/users_controller.rb:9
  Rendering users/show.html.erb within layouts/application
  Rendered users/show.html.erb within layouts/application (0.4ms)
Completed 200 OK in 20ms (Views: 17.3ms | ActiveRecord: 0.3ms)


Started GET "/users/new" for ::1 at 2021-03-02 15:18:50 -0800
Processing by UsersController#new as HTML
  Rendering users/new.html.erb within layouts/application
  Rendered users/new.html.erb within layouts/application (0.9ms)
Completed 200 OK in 22ms (Views: 21.5ms | ActiveRecord: 0.0ms)


Started POST "/users" for ::1 at 2021-03-02 15:19:09 -0800
Processing by UsersController#create as HTML
  Parameters: {"authenticity_token"=>"gbkYW2p/+ysUHJVxl+XUfha4u3QJDVzWUIXY6SRFxtdfoP59WgcX4Z2/Tk+zRnPJ4PCq+G+19uB24Rp3/h1+Ig==", "user"=>{"email"=>"justforthelikes@gmail.com", "password"=>"[FILTERED]"}}
  [1m[35m (0.2ms)[0m  [1m[35mBEGIN[0m
  ↳ app/controllers/users_controller.rb:17
  [1m[36mUser Exists (0.3ms)[0m  [1m[34mSELECT  1 AS one FROM "users" WHERE "users"."email" = $1 LIMIT $2[0m  [["email", "justforthelikes@gmail.com"], ["LIMIT", 1]]
  ↳ app/controllers/users_controller.rb:17
  [1m[36mUser Create (0.5ms)[0m  [1m[32mINSERT INTO "users" ("email", "password_digest", "session_token", "created_at", "updated_at") VALUES ($1, $2, $3, $4, $5) RETURNING "id"[0m  [["email", "justforthelikes@gmail.com"], ["password_digest", "$2a$12$1ejnbcuozh2gnRLCx2bUg.Y/sflZ3kiFRP4alRjtakk6kMNJzWMa2"], ["session_token", "9F4dELUu-Ap2KWxTrg5vww"], ["created_at", "2021-03-02 23:19:09.211156"], ["updated_at", "2021-03-02 23:19:09.211156"]]
  ↳ app/controllers/users_controller.rb:17
  [1m[35m (5.1ms)[0m  [1m[35mCOMMIT[0m
  ↳ app/controllers/users_controller.rb:17
  [1m[35m (0.2ms)[0m  [1m[35mBEGIN[0m
  ↳ app/models/user.rb:28
  [1m[36mUser Exists (0.2ms)[0m  [1m[34mSELECT  1 AS one FROM "users" WHERE "users"."email" = $1 AND "users"."id" != $2 LIMIT $3[0m  [["email", "justforthelikes@gmail.com"], ["id", 7], ["LIMIT", 1]]
  ↳ app/models/user.rb:28
  [1m[36mUser Update (0.5ms)[0m  [1m[33mUPDATE "users" SET "session_token" = $1, "updated_at" = $2 WHERE "users"."id" = $3[0m  [["session_token", "IpECNRybgmp4s1REHyM3QA"], ["updated_at", "2021-03-02 23:19:09.222700"], ["id", 7]]
  ↳ app/models/user.rb:28
  [1m[35m (0.5ms)[0m  [1m[35mCOMMIT[0m
  ↳ app/models/user.rb:28
Redirected to http://localhost:3000/users/7
Completed 302 Found in 225ms (ActiveRecord: 7.5ms)


Started GET "/users/7" for ::1 at 2021-03-02 15:19:09 -0800
Processing by UsersController#show as HTML
  Parameters: {"id"=>"7"}
  [1m[36mUser Load (0.2ms)[0m  [1m[34mSELECT  "users".* FROM "users" WHERE "users"."id" = $1 LIMIT $2[0m  [["id", 7], ["LIMIT", 1]]
  ↳ app/controllers/users_controller.rb:9
  Rendering users/show.html.erb within layouts/application
  Rendered users/show.html.erb within layouts/application (0.3ms)
Completed 200 OK in 18ms (Views: 16.1ms | ActiveRecord: 0.2ms)


Started GET "/sessions/new" for ::1 at 2021-03-02 16:52:49 -0800
Processing by SessionsController#new as HTML
  Rendering sessions/new.html.erb within layouts/application
  Rendered sessions/new.html.erb within layouts/application (1.0ms)
  [1m[36mUser Load (19.5ms)[0m  [1m[34mSELECT  "users".* FROM "users" WHERE "users"."session_token" = $1 LIMIT $2[0m  [["session_token", "IpECNRybgmp4s1REHyM3QA"], ["LIMIT", 1]]
  ↳ app/controllers/application_controller.rb:9
Completed 200 OK in 75ms (Views: 54.7ms | ActiveRecord: 19.8ms)


Started GET "/users/" for ::1 at 2021-03-02 16:53:04 -0800

AbstractController::ActionNotFound - The action 'index' could not be found for UsersController:

Started POST "/__better_errors/8063250ddb5c28c0/variables" for ::1 at 2021-03-02 16:53:04 -0800
Started GET "/users/new" for ::1 at 2021-03-02 16:53:11 -0800
Processing by UsersController#new as HTML
  Rendering users/new.html.erb within layouts/application
  Rendered users/new.html.erb within layouts/application (1.2ms)
  [1m[36mUser Load (0.5ms)[0m  [1m[34mSELECT  "users".* FROM "users" WHERE "users"."session_token" = $1 LIMIT $2[0m  [["session_token", "IpECNRybgmp4s1REHyM3QA"], ["LIMIT", 1]]
  ↳ app/controllers/application_controller.rb:9
Completed 200 OK in 44ms (Views: 42.9ms | ActiveRecord: 0.5ms)


Started GET "/users/new" for ::1 at 2021-03-02 16:53:40 -0800
Processing by UsersController#new as HTML
  Rendering users/new.html.erb within layouts/application
  Rendered users/new.html.erb within layouts/application (0.8ms)
  [1m[36mUser Load (0.3ms)[0m  [1m[34mSELECT  "users".* FROM "users" WHERE "users"."session_token" = $1 LIMIT $2[0m  [["session_token", "IpECNRybgmp4s1REHyM3QA"], ["LIMIT", 1]]
  ↳ app/controllers/application_controller.rb:9
Completed 200 OK in 39ms (Views: 37.4ms | ActiveRecord: 0.3ms)


Started GET "/users/new" for ::1 at 2021-03-02 16:53:43 -0800
Processing by UsersController#new as HTML
  Rendering users/new.html.erb within layouts/application
  Rendered users/new.html.erb within layouts/application (0.6ms)
  [1m[36mUser Load (0.3ms)[0m  [1m[34mSELECT  "users".* FROM "users" WHERE "users"."session_token" = $1 LIMIT $2[0m  [["session_token", "IpECNRybgmp4s1REHyM3QA"], ["LIMIT", 1]]
  ↳ app/controllers/application_controller.rb:9
Completed 200 OK in 23ms (Views: 22.5ms | ActiveRecord: 0.3ms)


Started GET "/users/new" for ::1 at 2021-03-02 16:53:59 -0800
  [1m[35m (0.7ms)[0m  [1m[34mSELECT "schema_migrations"."version" FROM "schema_migrations" ORDER BY "schema_migrations"."version" ASC[0m
  ↳ /home/adrian/.rbenv/versions/2.5.1/lib/ruby/gems/2.5.0/gems/activerecord-5.2.4.5/lib/active_record/log_subscriber.rb:98
Processing by UsersController#new as HTML
  Rendering users/new.html.erb within layouts/application
  Rendered users/new.html.erb within layouts/application (1.9ms)
  [1m[36mUser Load (0.5ms)[0m  [1m[34mSELECT  "users".* FROM "users" WHERE "users"."session_token" = $1 LIMIT $2[0m  [["session_token", "IpECNRybgmp4s1REHyM3QA"], ["LIMIT", 1]]
  ↳ app/controllers/application_controller.rb:9
Completed 200 OK in 164ms (Views: 149.2ms | ActiveRecord: 3.9ms)


Started GET "/users/new" for ::1 at 2021-03-02 16:56:00 -0800
Processing by UsersController#new as HTML
  Rendering users/new.html.erb within layouts/application
  Rendered users/new.html.erb within layouts/application (1.8ms)
  [1m[36mUser Load (0.5ms)[0m  [1m[34mSELECT  "users".* FROM "users" WHERE "users"."session_token" = $1 LIMIT $2[0m  [["session_token", "IpECNRybgmp4s1REHyM3QA"], ["LIMIT", 1]]
  ↳ app/controllers/application_controller.rb:9
Completed 200 OK in 40ms (Views: 38.3ms | ActiveRecord: 0.5ms)


Started GET "/users/new" for ::1 at 2021-03-02 17:00:05 -0800
Processing by UsersController#new as HTML
  Rendering users/new.html.erb within layouts/application
  Rendered users/new.html.erb within layouts/application (1.0ms)
  [1m[36mUser Load (0.7ms)[0m  [1m[34mSELECT  "users".* FROM "users" WHERE "users"."session_token" = $1 LIMIT $2[0m  [["session_token", "IpECNRybgmp4s1REHyM3QA"], ["LIMIT", 1]]
  ↳ app/controllers/application_controller.rb:9
Completed 200 OK in 57ms (Views: 55.2ms | ActiveRecord: 0.7ms)


